Generated at 2018-03-08 10:31:22 +0000
Chef::Exceptions::Package: yum_package[openjdk-8-jdk] (java::openjdk line 79) had an error: Chef::Exceptions::Package: No candidate version available for openjdk-8-jdk
/opt/chefdk/embedded/lib/ruby/gems/2.1.0/gems/chef-12.5.1/lib/chef/mixin/why_run.rb:241:in `run'
/opt/chefdk/embedded/lib/ruby/gems/2.1.0/gems/chef-12.5.1/lib/chef/mixin/why_run.rb:322:in `block in run'
/opt/chefdk/embedded/lib/ruby/gems/2.1.0/gems/chef-12.5.1/lib/chef/mixin/why_run.rb:321:in `each'
/opt/chefdk/embedded/lib/ruby/gems/2.1.0/gems/chef-12.5.1/lib/chef/mixin/why_run.rb:321:in `run'
/opt/chefdk/embedded/lib/ruby/gems/2.1.0/gems/chef-12.5.1/lib/chef/provider.rb:154:in `process_resource_requirements'
/opt/chefdk/embedded/lib/ruby/gems/2.1.0/gems/chef-12.5.1/lib/chef/provider.rb:132:in `run_action'
/opt/chefdk/embedded/lib/ruby/gems/2.1.0/gems/chef-12.5.1/lib/chef/resource.rb:585:in `run_action'
/opt/chefdk/embedded/lib/ruby/gems/2.1.0/gems/chef-12.5.1/lib/chef/runner.rb:49:in `run_action'
/opt/chefdk/embedded/lib/ruby/gems/2.1.0/gems/chef-12.5.1/lib/chef/runner.rb:81:in `block (2 levels) in converge'
/opt/chefdk/embedded/lib/ruby/gems/2.1.0/gems/chef-12.5.1/lib/chef/runner.rb:81:in `each'
/opt/chefdk/embedded/lib/ruby/gems/2.1.0/gems/chef-12.5.1/lib/chef/runner.rb:81:in `block in converge'
/opt/chefdk/embedded/lib/ruby/gems/2.1.0/gems/chef-12.5.1/lib/chef/resource_collection/resource_list.rb:83:in `block in execute_each_resource'
/opt/chefdk/embedded/lib/ruby/gems/2.1.0/gems/chef-12.5.1/lib/chef/resource_collection/stepable_iterator.rb:116:in `call'
/opt/chefdk/embedded/lib/ruby/gems/2.1.0/gems/chef-12.5.1/lib/chef/resource_collection/stepable_iterator.rb:116:in `call_iterator_block'
/opt/chefdk/embedded/lib/ruby/gems/2.1.0/gems/chef-12.5.1/lib/chef/resource_collection/stepable_iterator.rb:85:in `step'
/opt/chefdk/embedded/lib/ruby/gems/2.1.0/gems/chef-12.5.1/lib/chef/resource_collection/stepable_iterator.rb:104:in `iterate'
/opt/chefdk/embedded/lib/ruby/gems/2.1.0/gems/chef-12.5.1/lib/chef/resource_collection/stepable_iterator.rb:55:in `each_with_index'
/opt/chefdk/embedded/lib/ruby/gems/2.1.0/gems/chef-12.5.1/lib/chef/resource_collection/resource_list.rb:81:in `execute_each_resource'
/opt/chefdk/embedded/lib/ruby/gems/2.1.0/gems/chef-12.5.1/lib/chef/runner.rb:80:in `converge'
/opt/chefdk/embedded/lib/ruby/gems/2.1.0/gems/chef-12.5.1/lib/chef/client.rb:653:in `block in converge'
/opt/chefdk/embedded/lib/ruby/gems/2.1.0/gems/chef-12.5.1/lib/chef/client.rb:648:in `catch'
/opt/chefdk/embedded/lib/ruby/gems/2.1.0/gems/chef-12.5.1/lib/chef/client.rb:648:in `converge'
/opt/chefdk/embedded/lib/ruby/gems/2.1.0/gems/chef-12.5.1/lib/chef/client.rb:687:in `converge_and_save'
/opt/chefdk/embedded/lib/ruby/gems/2.1.0/gems/chef-12.5.1/lib/chef/client.rb:269:in `run'
/opt/chefdk/embedded/lib/ruby/gems/2.1.0/gems/chef-12.5.1/lib/chef/application.rb:270:in `block in fork_chef_client'
/opt/chefdk/embedded/lib/ruby/gems/2.1.0/gems/chef-12.5.1/lib/chef/application.rb:258:in `fork'
/opt/chefdk/embedded/lib/ruby/gems/2.1.0/gems/chef-12.5.1/lib/chef/application.rb:258:in `fork_chef_client'
/opt/chefdk/embedded/lib/ruby/gems/2.1.0/gems/chef-12.5.1/lib/chef/application.rb:224:in `block in run_chef_client'
/opt/chefdk/embedded/lib/ruby/gems/2.1.0/gems/chef-12.5.1/lib/chef/local_mode.rb:44:in `with_server_connectivity'
/opt/chefdk/embedded/lib/ruby/gems/2.1.0/gems/chef-12.5.1/lib/chef/application.rb:212:in `run_chef_client'
/opt/chefdk/embedded/lib/ruby/gems/2.1.0/gems/chef-12.5.1/lib/chef/application/solo.rb:280:in `block in interval_run_chef_client'
/opt/chefdk/embedded/lib/ruby/gems/2.1.0/gems/chef-12.5.1/lib/chef/application/solo.rb:269:in `loop'
/opt/chefdk/embedded/lib/ruby/gems/2.1.0/gems/chef-12.5.1/lib/chef/application/solo.rb:269:in `interval_run_chef_client'
/opt/chefdk/embedded/lib/ruby/gems/2.1.0/gems/chef-12.5.1/lib/chef/application/solo.rb:247:in `run_application'
/opt/chefdk/embedded/lib/ruby/gems/2.1.0/gems/chef-12.5.1/lib/chef/application.rb:60:in `run'
/opt/chefdk/embedded/lib/ruby/gems/2.1.0/gems/chef-12.5.1/bin/chef-solo:25:in `<top (required)>'
/usr/bin/chef-solo:54:in `load'
/usr/bin/chef-solo:54:in `<main>'